[debug] [2025-04-01T21:34:23.330Z] ----------------------------------------------------------------------
[debug] [2025-04-01T21:34:23.335Z] Command:       C:\Program Files\nodejs\node.exe C:\Users\Not Your GURU\AppData\Roaming\npm\node_modules\firebase-tools\lib\bin\firebase.js init functions
[debug] [2025-04-01T21:34:23.336Z] CLI Version:   14.0.1
[debug] [2025-04-01T21:34:23.336Z] Platform:      win32
[debug] [2025-04-01T21:34:23.336Z] Node Version:  v22.11.0
[debug] [2025-04-01T21:34:23.336Z] Time:          Wed Apr 02 2025 00:34:23 GMT+0300 (East Africa Time)
[debug] [2025-04-01T21:34:23.337Z] ----------------------------------------------------------------------
[debug] 
[debug] [2025-04-01T21:34:23.349Z] > command requires scopes: ["email","openid","https://www.googleapis.com/auth/cloudplatformprojects.readonly","https://www.googleapis.com/auth/firebase","https://www.googleapis.com/auth/cloud-platform"]
[debug] [2025-04-01T21:34:23.349Z] > authorizing via signed-in user (jonanrayan06@gmail.com)
[info] 
     ######## #### ########  ######## ########     ###     ######  ########
     ##        ##  ##     ## ##       ##     ##  ##   ##  ##       ##
     ######    ##  ########  ######   ########  #########  ######  ######
     ##        ##  ##    ##  ##       ##     ## ##     ##       ## ##
     ##       #### ##     ## ######## ########  ##     ##  ######  ########

You're about to initialize a Firebase project in this directory:

  C:\Users\Not Your GURU\Desktop\PSec.io\PSecAI-Server

[info] 
=== Project Setup
[info] 
[info] First, let's associate this project directory with a Firebase project.
[info] You can create multiple project aliases by running firebase use --add, 
[info] but for now we'll just set up a default project.
[info] 
[debug] [2025-04-01T21:34:34.356Z] Checked if tokens are valid: true, expires at: 1743546227949
[debug] [2025-04-01T21:34:34.356Z] Checked if tokens are valid: true, expires at: 1743546227949
[debug] [2025-04-01T21:34:34.358Z] >>> [apiv2][query] GET https://firebase.googleapis.com/v1beta1/projects pageSize=100
[debug] [2025-04-01T21:34:35.655Z] <<< [apiv2][status] GET https://firebase.googleapis.com/v1beta1/projects 200
[debug] [2025-04-01T21:34:35.655Z] <<< [apiv2][body] GET https://firebase.googleapis.com/v1beta1/projects [omitted]
[info] i  Using project psec-ai (PSec AI) 
[info] 
=== Functions Setup
[debug] [2025-04-01T21:34:37.905Z] > command requires scopes: ["email","openid","https://www.googleapis.com/auth/cloudplatformprojects.readonly","https://www.googleapis.com/auth/firebase","https://www.googleapis.com/auth/cloud-platform"]
[debug] [2025-04-01T21:34:37.906Z] > authorizing via signed-in user (jonanrayan06@gmail.com)
[debug] [2025-04-01T21:34:37.906Z] [iam] checking project psec-ai for permissions ["firebase.projects.get"]
[debug] [2025-04-01T21:34:37.908Z] Checked if tokens are valid: true, expires at: 1743546227949
[debug] [2025-04-01T21:34:37.908Z] Checked if tokens are valid: true, expires at: 1743546227949
[debug] [2025-04-01T21:34:37.908Z] >>> [apiv2][query] POST https://cloudresourcemanager.googleapis.com/v1/projects/psec-ai:testIamPermissions [none]
[debug] [2025-04-01T21:34:37.908Z] >>> [apiv2][(partial)header] POST https://cloudresourcemanager.googleapis.com/v1/projects/psec-ai:testIamPermissions x-goog-quota-user=projects/psec-ai
[debug] [2025-04-01T21:34:37.908Z] >>> [apiv2][body] POST https://cloudresourcemanager.googleapis.com/v1/projects/psec-ai:testIamPermissions {"permissions":["firebase.projects.get"]}
[debug] [2025-04-01T21:34:39.954Z] <<< [apiv2][status] POST https://cloudresourcemanager.googleapis.com/v1/projects/psec-ai:testIamPermissions 200
[debug] [2025-04-01T21:34:39.955Z] <<< [apiv2][body] POST https://cloudresourcemanager.googleapis.com/v1/projects/psec-ai:testIamPermissions {"permissions":["firebase.projects.get"]}
[debug] [2025-04-01T21:34:39.955Z] Checked if tokens are valid: true, expires at: 1743546227949
[debug] [2025-04-01T21:34:39.956Z] Checked if tokens are valid: true, expires at: 1743546227949
[debug] [2025-04-01T21:34:39.956Z] Checked if tokens are valid: true, expires at: 1743546227949
[debug] [2025-04-01T21:34:39.956Z] Checked if tokens are valid: true, expires at: 1743546227949
[debug] [2025-04-01T21:34:39.956Z] >>> [apiv2][query] GET https://serviceusage.googleapis.com/v1/projects/psec-ai/services/cloudfunctions.googleapis.com [none]
[debug] [2025-04-01T21:34:39.956Z] >>> [apiv2][(partial)header] GET https://serviceusage.googleapis.com/v1/projects/psec-ai/services/cloudfunctions.googleapis.com x-goog-quota-user=projects/psec-ai
[debug] [2025-04-01T21:34:39.958Z] >>> [apiv2][query] GET https://serviceusage.googleapis.com/v1/projects/psec-ai/services/runtimeconfig.googleapis.com [none]
[debug] [2025-04-01T21:34:39.958Z] >>> [apiv2][(partial)header] GET https://serviceusage.googleapis.com/v1/projects/psec-ai/services/runtimeconfig.googleapis.com x-goog-quota-user=projects/psec-ai
[debug] [2025-04-01T21:34:42.318Z] <<< [apiv2][status] GET https://serviceusage.googleapis.com/v1/projects/psec-ai/services/cloudfunctions.googleapis.com 200
[debug] [2025-04-01T21:34:42.319Z] <<< [apiv2][body] GET https://serviceusage.googleapis.com/v1/projects/psec-ai/services/cloudfunctions.googleapis.com [omitted]
[debug] [2025-04-01T21:34:42.320Z] <<< [apiv2][status] GET https://serviceusage.googleapis.com/v1/projects/psec-ai/services/runtimeconfig.googleapis.com 200
[debug] [2025-04-01T21:34:42.320Z] <<< [apiv2][body] GET https://serviceusage.googleapis.com/v1/projects/psec-ai/services/runtimeconfig.googleapis.com [omitted]
[info] Let's create a new codebase for your functions.
[info] A directory corresponding to the codebase will be created in your project
[info] with sample code pre-configured.

[info] See https://firebase.google.com/docs/functions/organize-functions for
[info] more information on organizing your functions using codebases.

[info] Functions can be deployed with firebase deploy.

[info] +  Wrote functions/requirements.txt 
[info] +  Wrote functions/.gitignore 
[info] +  Wrote functions/main.py 
[debug] [2025-04-01T21:35:31.648Z] Running command with virtualenv: command="C:\Users\Not Your GURU\Desktop\PSec.io\PSecAI-Server\functions\venv\Scripts\activate.bat", args=["","&&","pip3","install","--upgrade","pip"]
[debug] [2025-04-01T21:35:39.204Z] Error: spawn "C:\Users\Not Your GURU\Desktop\PSec.io\PSecAI-Server\functions\venv\Scripts\activate.bat" ENOENT
    at notFoundError (C:\Users\Not Your GURU\AppData\Roaming\npm\node_modules\firebase-tools\node_modules\cross-spawn\lib\enoent.js:6:26)
    at verifyENOENT (C:\Users\Not Your GURU\AppData\Roaming\npm\node_modules\firebase-tools\node_modules\cross-spawn\lib\enoent.js:40:16)
    at cp.emit (C:\Users\Not Your GURU\AppData\Roaming\npm\node_modules\firebase-tools\node_modules\cross-spawn\lib\enoent.js:27:25)
    at ChildProcess._handle.onexit (node:internal/child_process:293:12)
[error] 
[error] Error: An unexpected error has occurred.
